2020-11-27T12:07:03+00:00 CRITICAL Maximum execution time of 120 seconds exceeded dans C:\xampp\htdocs\fabipharm\wp-content\plugins\woocommerce\includes\wc-template-functions.php à la ligne 77

2020-11-27T12:59:38+00:00 CRITICAL Uncaught Error: Call to undefined function storefront_cart_link() in C:\xampp\htdocs\fabipharm\wp-content\themes\eco-theme\header.php:190
Stack trace:
#0 C:\xampp\htdocs\fabipharm\wp-includes\template.php(730): require_once()
#1 C:\xampp\htdocs\fabipharm\wp-includes\template.php(676): load_template('C:\\xampp\\htdocs...', true, Array)
#2 C:\xampp\htdocs\fabipharm\wp-includes\general-template.php(48): locate_template(Array, true, true, Array)
#3 C:\xampp\htdocs\fabipharm\wp-content\themes\eco-theme\page.php(1): get_header()
#4 C:\xampp\htdocs\fabipharm\wp-includes\template-loader.php(106): include('C:\\xampp\\htdocs...')
#5 C:\xampp\htdocs\fabipharm\wp-blog-header.php(19): require_once('C:\\xampp\\htdocs...')
#6 C:\xampp\htdocs\fabipharm\index.php(17): require('C:\\xampp\\htdocs...')
#7 {main}
  thrown dans C:\xampp\htdocs\fabipharm\wp-content\themes\eco-theme\header.php à la ligne 190

2020-11-27T19:46:22+00:00 CRITICAL Maximum execution time of 120 seconds exceeded dans C:\xampp\htdocs\fabipharm\wp-includes\wp-db.php à la ligne 2033

2020-11-27T19:46:22+00:00 CRITICAL Maximum execution time of 120 seconds exceeded dans C:\xampp\htdocs\fabipharm\wp-includes\wp-db.php à la ligne 2033

2020-11-27T19:46:22+00:00 CRITICAL Maximum execution time of 120 seconds exceeded dans C:\xampp\htdocs\fabipharm\wp-includes\wp-db.php à la ligne 2033

2020-11-27T19:46:21+00:00 CRITICAL Maximum execution time of 120 seconds exceeded dans C:\xampp\htdocs\fabipharm\wp-includes\wp-db.php à la ligne 2033

2020-11-27T19:46:22+00:00 CRITICAL Maximum execution time of 120 seconds exceeded dans C:\xampp\htdocs\fabipharm\wp-includes\wp-db.php à la ligne 2033

2020-11-27T19:46:22+00:00 CRITICAL Maximum execution time of 120 seconds exceeded dans C:\xampp\htdocs\fabipharm\wp-includes\wp-db.php à la ligne 2033

2020-11-27T19:46:21+00:00 CRITICAL Maximum execution time of 120 seconds exceeded dans C:\xampp\htdocs\fabipharm\wp-includes\wp-db.php à la ligne 2033

2020-11-27T19:46:22+00:00 CRITICAL Maximum execution time of 120 seconds exceeded dans C:\xampp\htdocs\fabipharm\wp-includes\wp-db.php à la ligne 2033

2020-11-27T19:46:22+00:00 CRITICAL Maximum execution time of 120 seconds exceeded dans C:\xampp\htdocs\fabipharm\wp-includes\wp-db.php à la ligne 2033

2020-11-27T19:46:22+00:00 CRITICAL Maximum execution time of 120 seconds exceeded dans C:\xampp\htdocs\fabipharm\wp-includes\wp-db.php à la ligne 2033

2020-11-27T19:46:21+00:00 CRITICAL Maximum execution time of 120 seconds exceeded dans C:\xampp\htdocs\fabipharm\wp-includes\wp-db.php à la ligne 2033

2020-11-27T19:46:22+00:00 CRITICAL Maximum execution time of 120 seconds exceeded dans C:\xampp\htdocs\fabipharm\wp-includes\wp-db.php à la ligne 2033

2020-11-27T19:46:22+00:00 CRITICAL Maximum execution time of 120 seconds exceeded dans C:\xampp\htdocs\fabipharm\wp-includes\wp-db.php à la ligne 2033

2020-11-27T19:46:21+00:00 CRITICAL Maximum execution time of 120 seconds exceeded dans C:\xampp\htdocs\fabipharm\wp-includes\wp-db.php à la ligne 2033

2020-11-27T19:46:21+00:00 CRITICAL Maximum execution time of 120 seconds exceeded dans C:\xampp\htdocs\fabipharm\wp-includes\wp-db.php à la ligne 2033

2020-11-27T19:46:25+00:00 CRITICAL Maximum execution time of 120 seconds exceeded dans C:\xampp\htdocs\fabipharm\wp-includes\wp-db.php à la ligne 2033

2020-11-27T21:30:10+00:00 CRITICAL Maximum execution time of 120 seconds exceeded dans C:\xampp\htdocs\fabipharm\wp-content\plugins\woocommerce\packages\action-scheduler\classes\abstracts\ActionScheduler.php à la ligne 305

2020-11-27T21:30:10+00:00 CRITICAL Maximum execution time of 120 seconds exceeded dans C:\xampp\htdocs\fabipharm\wp-content\plugins\woocommerce\packages\action-scheduler\classes\abstracts\ActionScheduler.php à la ligne 305

2020-11-27T21:30:10+00:00 CRITICAL Maximum execution time of 120 seconds exceeded dans C:\xampp\htdocs\fabipharm\wp-content\plugins\woocommerce\packages\action-scheduler\classes\abstracts\ActionScheduler.php à la ligne 305

2020-11-27T21:30:10+00:00 CRITICAL Maximum execution time of 120 seconds exceeded dans C:\xampp\htdocs\fabipharm\wp-content\plugins\woocommerce\packages\action-scheduler\classes\abstracts\ActionScheduler.php à la ligne 305

2020-11-27T21:30:10+00:00 CRITICAL Maximum execution time of 120 seconds exceeded dans C:\xampp\htdocs\fabipharm\wp-content\plugins\woocommerce\packages\action-scheduler\classes\abstracts\ActionScheduler.php à la ligne 305

2020-11-27T21:30:10+00:00 CRITICAL Maximum execution time of 120 seconds exceeded dans C:\xampp\htdocs\fabipharm\wp-content\plugins\woocommerce\packages\action-scheduler\classes\abstracts\ActionScheduler.php à la ligne 305

2020-11-27T21:30:10+00:00 CRITICAL Maximum execution time of 120 seconds exceeded dans C:\xampp\htdocs\fabipharm\wp-content\plugins\woocommerce\packages\action-scheduler\classes\abstracts\ActionScheduler.php à la ligne 305

2020-11-27T21:30:10+00:00 CRITICAL Maximum execution time of 120 seconds exceeded dans C:\xampp\htdocs\fabipharm\wp-content\plugins\woocommerce\packages\action-scheduler\classes\abstracts\ActionScheduler.php à la ligne 305

